
  VITE v8.0.3  ready in 522 ms

  ➜  Local:   http://localhost:5173/
  ➜  Network: http://192.168.53.26:5173/
(!) Failed to run dependency scan. Skipping dependency pre-bundling. Error:   Failed to scan for dependencies from entries:
  /Users/nag/Desktop/hackthon pj/frontend/index.html

  Build failed with 1 error:

[31m[PARSE_ERROR] Error:[0m Unexpected JSX expression
    [38;5;246m╭[0m[38;5;246m─[0m[38;5;246m[[0m src/hooks/useBreakingNews.js:36:11 [38;5;246m][0m
    [38;5;246m│[0m
 [38;5;246m36 │[0m ╭─▶ [38;5;249m [0m[38;5;249m [0m[38;5;249m [0m[38;5;249m [0m[38;5;249m [0m[38;5;249m [0m[38;5;249m [0m[38;5;249m [0m[38;5;249m [0m[38;5;249m [0m<div
 [38;5;240m   ┆[0m ┆   
 [38;5;246m45 │[0m ├─▶           </div>
 [38;5;240m   │[0m │                      
 [38;5;240m   │[0m ╰────────────────────── 
 [38;5;240m   │[0m 
 [38;5;240m   │[0m [38;5;115mHelp[0m: JSX syntax is disabled and should be enabled via the parser options
[38;5;246m────╯[0m

    at aggregateBindingErrorsIntoJsError (file:///Users/nag/Desktop/hackthon%20pj/frontend/node_modules/rolldown/dist/shared/error-BLhcSyeg.mjs:48:18)
    at unwrapBindingResult (file:///Users/nag/Desktop/hackthon%20pj/frontend/node_modules/rolldown/dist/shared/error-BLhcSyeg.mjs:18:128)
    at scan (file:///Users/nag/Desktop/hackthon%20pj/frontend/node_modules/rolldown/dist/experimental-index.mjs:176:3)
    at async Object.build (file:///Users/nag/Desktop/hackthon%20pj/frontend/node_modules/vite/dist/node/chunks/node.js:30598:3)
    at async scan (file:///Users/nag/Desktop/hackthon%20pj/frontend/node_modules/vite/dist/node/chunks/node.js:30543:4)
    at async file:///Users/nag/Desktop/hackthon%20pj/frontend/node_modules/vite/dist/node/chunks/node.js:23113:15
